#
# There is insufficient memory for the Java Runtime Environment to continue.
# Native memory allocation (malloc) failed to allocate 2341296 bytes for Chunk::new
# Possible reasons:
#   The system is out of physical RAM or swap space
#   The process is running with CompressedOops enabled, and the Java Heap may be blocking the growth of the native heap
# Possible solutions:
#   Reduce memory load on the system
#   Increase physical memory or swap space
#   Check if swap backing store is full
#   Decrease Java heap size (-Xmx/-Xms)
#   Decrease number of Java threads
#   Decrease Java thread stack sizes (-Xss)
#   Set larger code cache with -XX:ReservedCodeCacheSize=
#   JVM is running with Unscaled Compressed Oops mode in which the Java heap is
#     placed in the first 4GB address space. The Java Heap base address is the
#     maximum limit for the native heap growth. Please use -XX:HeapBaseMinAddress
#     to set the Java Heap base and to place the Java Heap above 4GB virtual address.
# This output file may be truncated or incomplete.
#
#  Out of Memory Error (allocation.cpp:389), pid=17952, tid=0x0000000000004ac8
#
# JRE version: OpenJDK Runtime Environment (8.0_242-b01) (build 1.8.0_242-release-1644-b01)
# Java VM: OpenJDK 64-Bit Server VM (25.242-b01 mixed mode windows-amd64 compressed oops)
# Failed to write core dump. Minidumps are not enabled by default on client versions of Windows
#

---------------  T H R E A D  ---------------

Current thread (0x00000000170c4800):  JavaThread "C2 CompilerThread0" daemon [_thread_in_native, id=19144, stack(0x0000000018710000,0x0000000018810000)]

Stack: [0x0000000018710000,0x0000000018810000]
[error occurred during error reporting (printing stack bounds), id 0xc0000005]

Native frames: (J=compiled Java code, j=interpreted, Vv=VM code, C=native code)


Current CompileTask:
C2: 394116 10351       4       org.objectweb.asm.ClassReader::readCode (5089 bytes)


---------------  P R O C E S S  ---------------

Java Threads: ( => current thread )
  0x0000000018bde800 JavaThread "Cache worker for execution history cache (C:\Users\Admin-Laptop\AndroidStudioProjects\CookingCompanion2\.gradle\6.1.1\executionHistory)" [_thread_blocked, id=8016, stack(0x0000000024a90000,0x0000000024b90000)]
  0x0000000018bdb000 JavaThread "Cache worker for Build Output Cleanup Cache (C:\Users\Admin-Laptop\AndroidStudioProjects\CookingCompanion2\.gradle\buildOutputCleanup)" [_thread_blocked, id=15848, stack(0x0000000023a90000,0x0000000023b90000)]
  0x0000000018bd8800 JavaThread "Build operations Thread 4" [_thread_blocked, id=16716, stack(0x0000000023390000,0x0000000023490000)]
  0x0000000018bd9800 JavaThread "Build operations Thread 3" [_thread_blocked, id=18820, stack(0x0000000023290000,0x0000000023390000)]
  0x0000000018bd7000 JavaThread "Build operations Thread 2" [_thread_in_Java, id=6516, stack(0x0000000023190000,0x0000000023290000)]
  0x0000000018bd8000 JavaThread "Build operations" [_thread_in_native, id=14780, stack(0x0000000023090000,0x0000000023190000)]
  0x0000000019986800 JavaThread "Cache worker for execution history cache (C:\Users\Admin-Laptop\.gradle\caches\6.1.1\executionHistory)" [_thread_blocked, id=4708, stack(0x000000001e700000,0x000000001e800000)]
  0x0000000019987000 JavaThread "Cache worker for cache directory md-rule (C:\Users\Admin-Laptop\.gradle\caches\6.1.1\md-rule)" [_thread_blocked, id=16488, stack(0x000000001c830000,0x000000001c930000)]
  0x0000000019984000 JavaThread "Cache worker for cache directory md-supplier (C:\Users\Admin-Laptop\.gradle\caches\6.1.1\md-supplier)" [_thread_blocked, id=14772, stack(0x00000000008e0000,0x00000000009e0000)]
  0x0000000019985800 JavaThread "Cache worker for file hash cache (C:\Users\Admin-Laptop\AndroidStudioProjects\CookingCompanion2\.gradle\6.1.1\fileHashes)" [_thread_blocked, id=17512, stack(0x000000001e200000,0x000000001e300000)]
  0x0000000019985000 JavaThread "Cache worker for checksums cache (C:\Users\Admin-Laptop\AndroidStudioProjects\CookingCompanion2\.gradle\checksums)" [_thread_blocked, id=5308, stack(0x000000001e100000,0x000000001e200000)]
  0x000000001998a000 JavaThread "Cache worker for file hash cache (C:\Users\Admin-Laptop\.gradle\caches\6.1.1\fileHashes)" [_thread_blocked, id=16820, stack(0x000000001ce30000,0x000000001cf30000)]
  0x000000001998b000 JavaThread "File lock request listener" [_thread_in_native, id=5424, stack(0x000000001cd30000,0x000000001ce30000)]
  0x00000000198e8000 JavaThread "Cache worker for journal cache (C:\Users\Admin-Laptop\.gradle\caches\journal-1)" [_thread_blocked, id=9504, stack(0x000000001cc30000,0x000000001cd30000)]
  0x00000000198f7000 JavaThread "Thread-9" [_thread_blocked, id=17596, stack(0x000000001c930000,0x000000001ca30000)]
  0x0000000019595000 JavaThread "Asynchronous log dispatcher for DefaultDaemonConnection: socket connection from /127.0.0.1:61939 to /127.0.0.1:61940" [_thread_blocked, id=5632, stack(0x000000001c730000,0x000000001c830000)]
  0x0000000018aed800 JavaThread "Daemon worker" [_thread_blocked, id=16908, stack(0x000000001c630000,0x000000001c730000)]
  0x00000000198f2800 JavaThread "Cancel handler" [_thread_blocked, id=18956, stack(0x000000001c530000,0x000000001c630000)]
  0x0000000018bbc800 JavaThread "Handler for socket connection from /127.0.0.1:61939 to /127.0.0.1:61940" [_thread_in_native, id=17052, stack(0x000000001c230000,0x000000001c330000)]
  0x0000000018bba000 JavaThread "Daemon" [_thread_blocked, id=1628, stack(0x000000001c130000,0x000000001c230000)]
  0x000000001a812800 JavaThread "Daemon periodic checks" [_thread_blocked, id=17432, stack(0x000000001c030000,0x000000001c130000)]
  0x0000000018bbe800 JavaThread "Incoming local TCP Connector on port 61939" [_thread_in_native, id=19152, stack(0x000000001bdf0000,0x000000001bef0000)]
  0x000000001a797000 JavaThread "Daemon health stats" [_thread_blocked, id=14112, stack(0x000000001b7b0000,0x000000001b8b0000)]
  0x00000000170fc800 JavaThread "Service Thread" daemon [_thread_blocked, id=19236, stack(0x0000000018e10000,0x0000000018f10000)]
  0x00000000170d2000 JavaThread "C1 CompilerThread2" daemon [_thread_blocked, id=3812, stack(0x0000000018910000,0x0000000018a10000)]
  0x00000000170ca000 JavaThread "C2 CompilerThread1" daemon [_thread_in_native, id=18852, stack(0x0000000018810000,0x0000000018910000)]
=>0x00000000170c4800 JavaThread "C2 CompilerThread0" daemon [_thread_in_native, id=19144, stack(0x0000000018710000,0x0000000018810000)]
  0x00000000170c2000 JavaThread "Attach Listener" daemon [_thread_blocked, id=14992, stack(0x0000000018610000,0x0000000018710000)]
  0x00000000170c0800 JavaThread "Signal Dispatcher" daemon [_thread_blocked, id=8260, stack(0x0000000018510000,0x0000000018610000)]
  0x000000000249b000 JavaThread "Finalizer" daemon [_thread_blocked, id=11360, stack(0x0000000018310000,0x0000000018410000)]
  0x00000000170a9000 JavaThread "Reference Handler" daemon [_thread_blocked, id=15124, stack(0x0000000018210000,0x0000000018310000)]
  0x000000000239e000 JavaThread "main" [_thread_blocked, id=10676, stack(0x0000000002210000,0x0000000002310000)]

Other Threads:
  0x0000000017086000 VMThread [stack: 0x0000000018110000,0x0000000018210000] [id=6116]
  0x00000000170fd000 WatcherThread [stack: 0x0000000018f10000,0x0000000019010000] [id=5200]

VM state:not at safepoint (normal execution)

VM Mutex/Monitor currently owned by a thread: None

heap address: 0x0000000080000000, size: 2048 MB, Compressed Oops mode: 32-bit
Narrow klass base: 0x0000000000000000, Narrow klass shift: 3
Compressed class space size: 1073741824 Address: 0x0000000100000000

Heap:
 PSYoungGen      total 81920K, used 21109K [0x00000000d5580000, 0x00000000db900000, 0x0000000100000000)
  eden space 62464K, 29% used [0x00000000d5580000,0x00000000d67800d0,0x00000000d9280000)
  from space 19456K, 13% used [0x00000000d9280000,0x00000000d951d388,0x00000000da580000)
  to   space 19456K, 0% used [0x00000000da580000,0x00000000da580000,0x00000000db880000)
 ParOldGen       total 75776K, used 51992K [0x0000000080000000, 0x0000000084a00000, 0x00000000d5580000)
  object space 75776K, 68% used [0x0000000080000000,0x00000000832c6290,0x0000000084a00000)
 Metaspace       used 75363K, capacity 78324K, committed 79104K, reserved 1118208K
  class space    used 9933K, capacity 10541K, committed 10752K, reserved 1048576K

Card table byte_map: [0x0000000011860000,0x0000000011c70000] byte_map_base: 0x0000000011460000

Marking Bits: (ParMarkBitMap*) 0x000000007734f030
 Begin Bits: [0x0000000012320000, 0x0000000014320000)
 End Bits:   [0x0000000014320000, 0x0000000016320000)

Polling page: 0x0000000000a10000

CodeCache: size=245760Kb used=29868Kb max_used=29877Kb free=215891Kb
 bounds [0x00000000024a0000, 0x0000000004200000, 0x00000000114a0000]
 total_blobs=9465 nmethods=8603 adapters=774
 compilation: enabled

Compilation events (10 events):
Event: 393.894 Thread 0x00000000170ca000 nmethod 10306 0x00000000041ef690 code [0x00000000041ef980, 0x00000000041f2280]
Event: 393.895 Thread 0x00000000170ca000 10404       4       org.objectweb.asm.AnnotationWriter::visit (959 bytes)
Event: 393.972 Thread 0x00000000170d2000 10417 %     3       org.objectweb.asm.ClassReader::readParameterAnnotations @ 54 (106 bytes)
Event: 393.974 Thread 0x00000000170d2000 nmethod 10417% 0x00000000025d7f10 code [0x00000000025d8100, 0x00000000025d8b18]
Event: 394.014 Thread 0x00000000170ca000 nmethod 10404 0x00000000041f51d0 code [0x00000000041f54e0, 0x00000000041f7de0]
Event: 394.015 Thread 0x00000000170ca000 10418       4       org.objectweb.asm.ByteVector::putByteArray (49 bytes)
Event: 394.017 Thread 0x00000000170ca000 nmethod 10418 0x00000000041b0c90 code [0x00000000041b0de0, 0x00000000041b0f18]
Event: 394.018 Thread 0x00000000170ca000 10409       4       org.objectweb.asm.ByteVector::putInt (74 bytes)
Event: 394.025 Thread 0x00000000170ca000 nmethod 10409 0x00000000041e4950 code [0x00000000041e4aa0, 0x00000000041e4dd8]
Event: 394.026 Thread 0x00000000170ca000 10415       4       kotlin.text.StringsKt__StringsKt::contains (70 bytes)

GC Heap History (10 events):
Event: 391.722 GC heap before
{Heap before GC invocations=42 (full 3):
 PSYoungGen      total 71168K, used 69089K [0x00000000d5580000, 0x00000000dae80000, 0x0000000100000000)
  eden space 55296K, 100% used [0x00000000d5580000,0x00000000d8b80000,0x00000000d8b80000)
  from space 15872K, 86% used [0x00000000d9d00000,0x00000000daa78448,0x00000000dac80000)
  to   space 17920K, 0% used [0x00000000d8b80000,0x00000000d8b80000,0x00000000d9d00000)
 ParOldGen       total 48128K, used 39353K [0x0000000080000000, 0x0000000082f00000, 0x00000000d5580000)
  object space 48128K, 81% used [0x0000000080000000,0x000000008266e5f0,0x0000000082f00000)
 Metaspace       used 75354K, capacity 78734K, committed 79104K, reserved 1118208K
  class space    used 9971K, capacity 10635K, committed 10752K, reserved 1048576K
Event: 391.746 GC heap after
Heap after GC invocations=42 (full 3):
 PSYoungGen      total 66560K, used 13193K [0x00000000d5580000, 0x00000000daf80000, 0x0000000100000000)
  eden space 53248K, 0% used [0x00000000d5580000,0x00000000d5580000,0x00000000d8980000)
  from space 13312K, 99% used [0x00000000d8b80000,0x00000000d9862668,0x00000000d9880000)
  to   space 19456K, 0% used [0x00000000d9c80000,0x00000000d9c80000,0x00000000daf80000)
 ParOldGen       total 48128K, used 39361K [0x0000000080000000, 0x0000000082f00000, 0x00000000d5580000)
  object space 48128K, 81% used [0x0000000080000000,0x00000000826705f0,0x0000000082f00000)
 Metaspace       used 75354K, capacity 78734K, committed 79104K, reserved 1118208K
  class space    used 9971K, capacity 10635K, committed 10752K, reserved 1048576K
}
Event: 392.459 GC heap before
{Heap before GC invocations=43 (full 3):
 PSYoungGen      total 66560K, used 66441K [0x00000000d5580000, 0x00000000daf80000, 0x0000000100000000)
  eden space 53248K, 100% used [0x00000000d5580000,0x00000000d8980000,0x00000000d8980000)
  from space 13312K, 99% used [0x00000000d8b80000,0x00000000d9862668,0x00000000d9880000)
  to   space 19456K, 0% used [0x00000000d9c80000,0x00000000d9c80000,0x00000000daf80000)
 ParOldGen       total 48128K, used 39361K [0x0000000080000000, 0x0000000082f00000, 0x00000000d5580000)
  object space 48128K, 81% used [0x0000000080000000,0x00000000826705f0,0x0000000082f00000)
 Metaspace       used 75513K, capacity 78872K, committed 79104K, reserved 1118208K
  class space    used 9983K, capacity 10640K, committed 10752K, reserved 1048576K
Event: 392.491 GC heap after
Heap after GC invocations=43 (full 3):
 PSYoungGen      total 72192K, used 12807K [0x00000000d5580000, 0x00000000dbb80000, 0x0000000100000000)
  eden space 52736K, 0% used [0x00000000d5580000,0x00000000d5580000,0x00000000d8900000)
  from space 19456K, 65% used [0x00000000d9c80000,0x00000000da901e58,0x00000000daf80000)
  to   space 19968K, 0% used [0x00000000d8900000,0x00000000d8900000,0x00000000d9c80000)
 ParOldGen       total 48128K, used 42669K [0x0000000080000000, 0x0000000082f00000, 0x00000000d5580000)
  object space 48128K, 88% used [0x0000000080000000,0x00000000829ab520,0x0000000082f00000)
 Metaspace       used 75513K, capacity 78872K, committed 79104K, reserved 1118208K
  class space    used 9983K, capacity 10640K, committed 10752K, reserved 1048576K
}
Event: 392.491 GC heap before
{Heap before GC invocations=44 (full 4):
 PSYoungGen      total 72192K, used 12807K [0x00000000d5580000, 0x00000000dbb80000, 0x0000000100000000)
  eden space 52736K, 0% used [0x00000000d5580000,0x00000000d5580000,0x00000000d8900000)
  from space 19456K, 65% used [0x00000000d9c80000,0x00000000da901e58,0x00000000daf80000)
  to   space 19968K, 0% used [0x00000000d8900000,0x00000000d8900000,0x00000000d9c80000)
 ParOldGen       total 48128K, used 42669K [0x0000000080000000, 0x0000000082f00000, 0x00000000d5580000)
  object space 48128K, 88% used [0x0000000080000000,0x00000000829ab520,0x0000000082f00000)
 Metaspace       used 75513K, capacity 78872K, committed 79104K, reserved 1118208K
  class space    used 9983K, capacity 10640K, committed 10752K, reserved 1048576K
Event: 393.319 GC heap after
Heap after GC invocations=44 (full 4):
 PSYoungGen      total 72192K, used 3860K [0x00000000d5580000, 0x00000000dbb80000, 0x0000000100000000)
  eden space 52736K, 0% used [0x00000000d5580000,0x00000000d5580000,0x00000000d8900000)
  from space 19456K, 19% used [0x00000000d9c80000,0x00000000da045318,0x00000000daf80000)
  to   space 19968K, 0% used [0x00000000d8900000,0x00000000d8900000,0x00000000d9c80000)
 ParOldGen       total 75776K, used 47906K [0x0000000080000000, 0x0000000084a00000, 0x00000000d5580000)
  object space 75776K, 63% used [0x0000000080000000,0x0000000082ec88c0,0x0000000084a00000)
 Metaspace       used 75319K, capacity 78324K, committed 79104K, reserved 1118208K
  class space    used 9922K, capacity 10541K, committed 10752K, reserved 1048576K
}
Event: 393.540 GC heap before
{Heap before GC invocations=45 (full 4):
 PSYoungGen      total 72192K, used 56596K [0x00000000d5580000, 0x00000000dbb80000, 0x0000000100000000)
  eden space 52736K, 100% used [0x00000000d5580000,0x00000000d8900000,0x00000000d8900000)
  from space 19456K, 19% used [0x00000000d9c80000,0x00000000da045318,0x00000000daf80000)
  to   space 19968K, 0% used [0x00000000d8900000,0x00000000d8900000,0x00000000d9c80000)
 ParOldGen       total 75776K, used 47906K [0x0000000080000000, 0x0000000084a00000, 0x00000000d5580000)
  object space 75776K, 63% used [0x0000000080000000,0x0000000082ec88c0,0x0000000084a00000)
 Metaspace       used 75334K, capacity 78324K, committed 79104K, reserved 1118208K
  class space    used 9926K, capacity 10541K, committed 10752K, reserved 1048576K
Event: 393.564 GC heap after
Heap after GC invocations=45 (full 4):
 PSYoungGen      total 72704K, used 3400K [0x00000000d5580000, 0x00000000db880000, 0x0000000100000000)
  eden space 52736K, 0% used [0x00000000d5580000,0x00000000d5580000,0x00000000d8900000)
  from space 19968K, 17% used [0x00000000d8900000,0x00000000d8c52128,0x00000000d9c80000)
  to   space 19456K, 0% used [0x00000000da580000,0x00000000da580000,0x00000000db880000)
 ParOldGen       total 75776K, used 49670K [0x0000000080000000, 0x0000000084a00000, 0x00000000d5580000)
  object space 75776K, 65% used [0x0000000080000000,0x0000000083081990,0x0000000084a00000)
 Metaspace       used 75334K, capacity 78324K, committed 79104K, reserved 1118208K
  class space    used 9926K, capacity 10541K, committed 10752K, reserved 1048576K
}
Event: 393.805 GC heap before
{Heap before GC invocations=46 (full 4):
 PSYoungGen      total 72704K, used 56136K [0x00000000d5580000, 0x00000000db880000, 0x0000000100000000)
  eden space 52736K, 100% used [0x00000000d5580000,0x00000000d8900000,0x00000000d8900000)
  from space 19968K, 17% used [0x00000000d8900000,0x00000000d8c52128,0x00000000d9c80000)
  to   space 19456K, 0% used [0x00000000da580000,0x00000000da580000,0x00000000db880000)
 ParOldGen       total 75776K, used 49670K [0x0000000080000000, 0x0000000084a00000, 0x00000000d5580000)
  object space 75776K, 65% used [0x0000000080000000,0x0000000083081990,0x0000000084a00000)
 Metaspace       used 75336K, capacity 78324K, committed 79104K, reserved 1118208K
  class space    used 9927K, capacity 10541K, committed 10752K, reserved 1048576K
Event: 393.813 GC heap after
Heap after GC invocations=46 (full 4):
 PSYoungGen      total 81920K, used 1040K [0x00000000d5580000, 0x00000000db900000, 0x0000000100000000)
  eden space 62464K, 0% used [0x00000000d5580000,0x00000000d5580000,0x00000000d9280000)
  from space 19456K, 5% used [0x00000000da580000,0x00000000da684020,0x00000000db880000)
  to   space 19456K, 0% used [0x00000000d9280000,0x00000000d9280000,0x00000000da580000)
 ParOldGen       total 75776K, used 51037K [0x0000000080000000, 0x0000000084a00000, 0x00000000d5580000)
  object space 75776K, 67% used [0x0000000080000000,0x00000000831d7780,0x0000000084a00000)
 Metaspace       used 75336K, capacity 78324K, committed 79104K, reserved 1118208K
  class space    used 9927K, capacity 10541K, committed 10752K, reserved 1048576K
}

Deoptimization events (10 events):
Event: 391.469 Thread 0x0000000018bd7000 Uncommon trap: reason=unstable_if action=reinterpret pc=0x0000000003b5762c method=org.objectweb.asm.ClassReader.readUTF8(I[C)Ljava/lang/String; @ 11
Event: 391.563 Thread 0x0000000018bd7000 Uncommon trap: reason=unstable_if action=reinterpret pc=0x00000000040e1e78 method=org.objectweb.asm.Type.getDimensions()I @ 17
Event: 391.598 Thread 0x0000000018bd7000 Uncommon trap: reason=unstable_if action=reinterpret pc=0x0000000003de8944 method=kotlin.text.StringsKt__StringsKt.contains(Ljava/lang/CharSequence;CZ)Z @ 16
Event: 391.598 Thread 0x0000000018bd7000 Uncommon trap: reason=unstable_if action=reinterpret pc=0x000000000397b3b8 method=kotlin.text.StringsKt__StringsKt.contains(Ljava/lang/CharSequence;CZ)Z @ 16
Event: 392.071 Thread 0x0000000018bd8000 Uncommon trap: reason=unstable_if action=reinterpret pc=0x0000000003bd8844 method=com.sun.org.apache.xerces.internal.impl.XMLEntityScanner.scanLiteral(ILcom/sun/org/apache/xerces/internal/xni/XMLString;Z)I @ 660
Event: 392.347 Thread 0x0000000018bd7000 Uncommon trap: reason=unstable_if action=reinterpret pc=0x0000000003b58798 method=org.objectweb.asm.ClassReader.readUtf(II[C)Ljava/lang/String; @ 41
Event: 392.347 Thread 0x0000000018bd7000 Uncommon trap: reason=unstable_if action=reinterpret pc=0x000000000410f8c0 method=org.objectweb.asm.ByteVector.putUTF8(Ljava/lang/String;)Lorg/objectweb/asm/ByteVector; @ 93
Event: 392.347 Thread 0x0000000018bd7000 Uncommon trap: reason=unstable_if action=reinterpret pc=0x0000000003b53820 method=org.objectweb.asm.ClassReader.readUtf(II[C)Ljava/lang/String; @ 41
Event: 392.347 Thread 0x0000000018bd7000 Uncommon trap: reason=unstable_if action=reinterpret pc=0x0000000003b52ccc method=org.objectweb.asm.ByteVector.putUTF8(Ljava/lang/String;)Lorg/objectweb/asm/ByteVector; @ 93
Event: 393.322 Thread 0x0000000018bd7000 Uncommon trap: reason=unstable_if action=reinterpret pc=0x00000000041a77a8 method=org.objectweb.asm.ByteVector.putUTF8(Ljava/lang/String;)Lorg/objectweb/asm/ByteVector; @ 100

Classes redefined (0 events):
No events

Internal exceptions (10 events):
Event: 380.944 Thread 0x0000000018bd9800 Exception <a 'java/lang/NoSuchMethodError': java.lang.Object.lambda$flatMap$3(Ljava/util/function/Function;)Lorg/gradle/internal/Try;> (0x00000000d77fff00) thrown at [C:\src\AOSP-openjdk-git\hotspot\src\share\vm\interpreter\linkResolver.cpp, line 620]
Event: 390.464 Thread 0x0000000018bd7000 Implicit null exception at 0x0000000002db8437 to 0x0000000002db8839
Event: 390.708 Thread 0x0000000018bd8000 Exception <a 'sun/nio/fs/WindowsException'> (0x00000000d570f4f0) thrown at [C:\src\AOSP-openjdk-git\hotspot\src\share\vm\prims\jni.cpp, line 710]
Event: 390.708 Thread 0x0000000018bd7000 Exception <a 'sun/nio/fs/WindowsException'> (0x00000000d5e690e8) thrown at [C:\src\AOSP-openjdk-git\hotspot\src\share\vm\prims\jni.cpp, line 710]
Event: 391.076 Thread 0x0000000018bd8800 Exception <a 'java/lang/NoSuchMethodError': java.lang.Object.lambda$flatMap$2(Ljava/util/function/Function;Ljava/lang/Object;)Lorg/gradle/internal/Try;> (0x00000000d5f2ab70) thrown at [C:\src\AOSP-openjdk-git\hotspot\src\share\vm\interpreter\linkResolver.
Event: 391.465 Thread 0x0000000018bd8000 Exception <a 'sun/nio/fs/WindowsException'> (0x00000000d6057d50) thrown at [C:\src\AOSP-openjdk-git\hotspot\src\share\vm\prims\jni.cpp, line 710]
Event: 391.469 Thread 0x0000000018bd9800 Exception <a 'sun/nio/fs/WindowsException'> (0x00000000d5f0d820) thrown at [C:\src\AOSP-openjdk-git\hotspot\src\share\vm\prims\jni.cpp, line 710]
Event: 391.471 Thread 0x0000000018bd8800 Exception <a 'sun/nio/fs/WindowsException'> (0x00000000d603f6e0) thrown at [C:\src\AOSP-openjdk-git\hotspot\src\share\vm\prims\jni.cpp, line 710]
Event: 391.760 Thread 0x0000000018bd7000 Exception <a 'sun/nio/fs/WindowsException'> (0x00000000d583bca0) thrown at [C:\src\AOSP-openjdk-git\hotspot\src\share\vm\prims\jni.cpp, line 710]
Event: 391.811 Thread 0x0000000018bd7000 Exception <a 'sun/nio/fs/WindowsException'> (0x00000000d58e5020) thrown at [C:\src\AOSP-openjdk-git\hotspot\src\share\vm\prims\jni.cpp, line 710]

Events (10 events):
Event: 393.937 Thread 0x0000000018bd7000 DEOPT UNPACKING pc=0x00000000024e75d0 sp=0x000000002328b528 mode 0
Event: 393.954 Thread 0x0000000018bd7000 DEOPT PACKING pc=0x00000000040c0e62 sp=0x000000002328b630
Event: 393.954 Thread 0x0000000018bd7000 DEOPT UNPACKING pc=0x00000000024e75d0 sp=0x000000002328b528 mode 0
Event: 393.975 Thread 0x00000000170d2000 flushing nmethod 0x00000000027a6d50
Event: 393.996 Thread 0x0000000018bd7000 DEOPT PACKING pc=0x00000000040c0e62 sp=0x000000002328b630
Event: 393.997 Thread 0x0000000018bd7000 DEOPT UNPACKING pc=0x00000000024e75d0 sp=0x000000002328b528 mode 0
Event: 394.006 Thread 0x0000000018bd7000 DEOPT PACKING pc=0x00000000040c0e62 sp=0x000000002328b630
Event: 394.006 Thread 0x0000000018bd7000 DEOPT UNPACKING pc=0x00000000024e75d0 sp=0x000000002328b528 mode 0
Event: 394.017 Thread 0x0000000018bd7000 DEOPT PACKING pc=0x00000000040c0e62 sp=0x000000002328b630
Event: 394.017 Thread 0x0000000018bd7000 DEOPT UNPACKING pc=0x00000000024e75d0 sp=0x000000002328b528 mode 0


Dynamic libraries:
0x00007ff6b13d0000 - 0x00007ff6b1401000 	C:\Program Files\Android\Android Studio\jre\bin\java.exe
0x00007ffdffe20000 - 0x00007ffe00010000 	C:\WINDOWS\SYSTEM32\ntdll.dll
0x00007ffdff390000 - 0x00007ffdff442000 	C:\WINDOWS\System32\KERNEL32.DLL
0x00007ffdfcf50000 - 0x00007ffdfd1f4000 	C:\WINDOWS\System32\KERNELBASE.dll
0x00007ffdff060000 - 0x00007ffdff103000 	C:\WINDOWS\System32\ADVAPI32.dll
0x00007ffdfe870000 - 0x00007ffdfe90e000 	C:\WINDOWS\System32\msvcrt.dll
0x00007ffdffd40000 - 0x00007ffdffdd7000 	C:\WINDOWS\System32\sechost.dll
0x00007ffdff200000 - 0x00007ffdff320000 	C:\WINDOWS\System32\RPCRT4.dll
0x00007ffdfe910000 - 0x00007ffdfeaa5000 	C:\WINDOWS\System32\USER32.dll
0x00007ffdfd200000 - 0x00007ffdfd221000 	C:\WINDOWS\System32\win32u.dll
0x00007ffdff660000 - 0x00007ffdff686000 	C:\WINDOWS\System32\GDI32.dll
0x00007ffdfda90000 - 0x00007ffdfdc26000 	C:\WINDOWS\System32\gdi32full.dll
0x00007ffdfdc30000 - 0x00007ffdfdcce000 	C:\WINDOWS\System32\msvcp_win.dll
0x00007ffdfdd20000 - 0x00007ffdfde1a000 	C:\WINDOWS\System32\ucrtbase.dll
0x00007ffde9ac0000 - 0x00007ffde9d44000 	C:\WINDOWS\WinSxS\amd64_microsoft.windows.common-controls_6595b64144ccf1df_6.0.18362.1016_none_9e7a36bbe461dae4\COMCTL32.dll
0x00007ffdff690000 - 0x00007ffdff9c5000 	C:\WINDOWS\System32\combase.dll
0x00007ffdfde50000 - 0x00007ffdfded0000 	C:\WINDOWS\System32\bcryptPrimitives.dll
0x00007ffdffaa0000 - 0x00007ffdfface000 	C:\WINDOWS\System32\IMM32.DLL
0x0000000077860000 - 0x0000000077932000 	C:\Program Files\Android\Android Studio\jre\jre\bin\msvcr100.dll
0x0000000076b80000 - 0x00000000773cb000 	C:\Program Files\Android\Android Studio\jre\jre\bin\server\jvm.dll
0x00007ffdffad0000 - 0x00007ffdffad8000 	C:\WINDOWS\System32\PSAPI.DLL
0x00007ffdfa7d0000 - 0x00007ffdfa7f4000 	C:\WINDOWS\SYSTEM32\WINMM.dll
0x00007ffdecc90000 - 0x00007ffdecc9a000 	C:\WINDOWS\SYSTEM32\VERSION.dll
0x00007ffdfa7a0000 - 0x00007ffdfa7cd000 	C:\WINDOWS\SYSTEM32\winmmbase.dll
0x00007ffdfdcd0000 - 0x00007ffdfdd1a000 	C:\WINDOWS\System32\cfgmgr32.dll
0x00007ffdf4530000 - 0x00007ffdf4539000 	C:\WINDOWS\SYSTEM32\WSOCK32.dll
0x00007ffdff190000 - 0x00007ffdff1ff000 	C:\WINDOWS\System32\ws2_32.DLL
0x00007ffdfa890000 - 0x00007ffdfa89f000 	C:\Program Files\Android\Android Studio\jre\jre\bin\verify.dll
0x00007ffdf0780000 - 0x00007ffdf07a9000 	C:\Program Files\Android\Android Studio\jre\jre\bin\java.dll
0x00007ffdf19b0000 - 0x00007ffdf19c6000 	C:\Program Files\Android\Android Studio\jre\jre\bin\zip.dll
0x00007ffdfe180000 - 0x00007ffdfe867000 	C:\WINDOWS\System32\SHELL32.dll
0x00007ffdff9f0000 - 0x00007ffdffa99000 	C:\WINDOWS\System32\shcore.dll
0x00007ffdfd250000 - 0x00007ffdfd9d2000 	C:\WINDOWS\System32\windows.storage.dll
0x00007ffdfcd70000 - 0x00007ffdfcd93000 	C:\WINDOWS\System32\profapi.dll
0x00007ffdfcd00000 - 0x00007ffdfcd4a000 	C:\WINDOWS\System32\powrprof.dll
0x00007ffdfccd0000 - 0x00007ffdfcce0000 	C:\WINDOWS\System32\UMPDC.dll
0x00007ffdff450000 - 0x00007ffdff4a2000 	C:\WINDOWS\System32\shlwapi.dll
0x00007ffdfcd50000 - 0x00007ffdfcd61000 	C:\WINDOWS\System32\kernel.appcore.dll
0x00007ffdfd230000 - 0x00007ffdfd247000 	C:\WINDOWS\System32\cryptsp.dll
0x00007ffdf1870000 - 0x00007ffdf188a000 	C:\Program Files\Android\Android Studio\jre\jre\bin\net.dll
0x00007ffdfc530000 - 0x00007ffdfc597000 	C:\WINDOWS\system32\mswsock.dll
0x00007ffdef9c0000 - 0x00007ffdef9d3000 	C:\Program Files\Android\Android Studio\jre\jre\bin\nio.dll
0x00007ffddfef0000 - 0x00007ffddff16000 	C:\Users\Admin-Laptop\.gradle\native\31\windows-amd64\native-platform.dll
0x00007ffdf6ac0000 - 0x00007ffdf6acd000 	C:\Program Files\Android\Android Studio\jre\jre\bin\management.dll
0x00007ffdfc0a0000 - 0x00007ffdfc0d3000 	C:\WINDOWS\system32\rsaenh.dll
0x00007ffdfde20000 - 0x00007ffdfde46000 	C:\WINDOWS\System32\bcrypt.dll
0x00007ffdfcbc0000 - 0x00007ffdfcbe5000 	C:\WINDOWS\SYSTEM32\USERENV.dll
0x00007ffdfc700000 - 0x00007ffdfc70c000 	C:\WINDOWS\SYSTEM32\CRYPTBASE.dll
0x00007ffdfc240000 - 0x00007ffdfc27a000 	C:\WINDOWS\SYSTEM32\IPHLPAPI.DLL
0x00007ffdffd30000 - 0x00007ffdffd38000 	C:\WINDOWS\System32\NSI.dll
0x00007ffdf5410000 - 0x00007ffdf5426000 	C:\WINDOWS\SYSTEM32\dhcpcsvc6.DLL
0x00007ffdf4110000 - 0x00007ffdf412c000 	C:\WINDOWS\SYSTEM32\dhcpcsvc.DLL
0x00007ffdfc280000 - 0x00007ffdfc34b000 	C:\WINDOWS\SYSTEM32\DNSAPI.dll
0x00007ffdefd50000 - 0x00007ffdefd74000 	C:\Program Files\Android\Android Studio\jre\jre\bin\sunec.dll
0x0000000077a70000 - 0x0000000077a96000 	C:\Program Files\Bonjour\mdnsNSP.dll
0x00007ffdf0de0000 - 0x00007ffdf0dea000 	C:\Windows\System32\rasadhlp.dll
0x00007ffdf3b80000 - 0x00007ffdf3bf7000 	C:\WINDOWS\System32\fwpuclnt.dll
0x00007ffdf11c0000 - 0x00007ffdf11cb000 	C:\Program Files\Android\Android Studio\jre\jre\bin\sunmscapi.dll
0x00007ffdfcda0000 - 0x00007ffdfcee9000 	C:\WINDOWS\System32\CRYPT32.dll
0x00007ffdfcce0000 - 0x00007ffdfccf2000 	C:\WINDOWS\System32\MSASN1.dll
0x00007ffdfbd20000 - 0x00007ffdfbd51000 	C:\WINDOWS\SYSTEM32\ntmarta.dll

VM Arguments:
jvm_args: -Xmx2048m -Dfile.encoding=windows-1252 -Duser.country=IN -Duser.language=en -Duser.variant 
java_command: org.gradle.launcher.daemon.bootstrap.GradleDaemon 6.1.1
java_class_path (initial): C:\Users\Admin-Laptop\.gradle\wrapper\dists\gradle-6.1.1-all\cfmwm155h49vnt3hynmlrsdst\gradle-6.1.1\lib\gradle-launcher-6.1.1.jar
Launcher Type: SUN_STANDARD

Environment Variables:
PATH=C:\Python38\Scripts\;C:\Python38\;C:\WINDOWS\system32;C:\WINDOWS;C:\WINDOWS\System32\Wbem;C:\WINDOWS\System32\WindowsPowerShell\v1.0\;C:\WINDOWS\System32\OpenSSH\;C:\Program Files\Git\cmd;C:\Program Files\nodejs\;C:\ProgramData\chocolatey\bin;C:\flutter\bin;C:\Users\Admin-Laptop\AppData\Local\Programs\Microsoft VS Code\bin;C:\Users\Admin-Laptop\AppData\Roaming\npm
USERNAME=Admin-Laptop
OS=Windows_NT
PROCESSOR_IDENTIFIER=Intel64 Family 6 Model 69 Stepping 1, GenuineIntel



---------------  S Y S T E M  ---------------

OS: Windows 10.0 , 64 bit Build 18362 (10.0.18362.959)

CPU:total 4 (initial active 4) (2 cores per cpu, 2 threads per core) family 6 model 69 stepping 1, cmov, cx8, fxsr, mmx, sse, sse2, sse3, ssse3, sse4.1, sse4.2, popcnt, avx, avx2, aes, clmul, erms, lzcnt, ht, tsc, tscinvbit, bmi1, bmi2

Memory: 4k page, physical 4103160k(394340k free), swap 7687160k(6632k free)

vm_info: OpenJDK 64-Bit Server VM (25.242-b01) for windows-amd64 JRE (1.8.0_242-release-1644-b01), built by "builder" with MS VC++ 10.0 (VS2010)

time: Thu Aug 20 20:09:08 2020
timezone: India Standard Time
elapsed time: 394 seconds (0d 0h 6m 34s)

